mode: count
github.com/dkhrunov/dsa-go/search/binary_search.go:3.46,6.20 2 4
github.com/dkhrunov/dsa-go/search/binary_search.go:22.2,22.11 1 4
github.com/dkhrunov/dsa-go/search/binary_search.go:6.20,9.25 2 0
github.com/dkhrunov/dsa-go/search/binary_search.go:13.3,13.24 1 0
github.com/dkhrunov/dsa-go/search/binary_search.go:17.3,17.24 1 0
github.com/dkhrunov/dsa-go/search/binary_search.go:9.25,11.4 1 0
github.com/dkhrunov/dsa-go/search/binary_search.go:13.24,15.4 1 0
github.com/dkhrunov/dsa-go/search/binary_search.go:17.24,19.4 1 0
github.com/dkhrunov/dsa-go/search/binary_search.go:25.62,26.21 1 4
github.com/dkhrunov/dsa-go/search/binary_search.go:30.2,30.19 1 0
github.com/dkhrunov/dsa-go/search/binary_search.go:44.2,44.11 1 0
github.com/dkhrunov/dsa-go/search/binary_search.go:26.21,28.3 1 4
github.com/dkhrunov/dsa-go/search/binary_search.go:30.19,33.25 2 0
github.com/dkhrunov/dsa-go/search/binary_search.go:37.3,37.24 1 0
github.com/dkhrunov/dsa-go/search/binary_search.go:41.3,41.52 1 0
github.com/dkhrunov/dsa-go/search/binary_search.go:33.25,35.4 1 0
github.com/dkhrunov/dsa-go/search/binary_search.go:37.24,39.4 1 0
github.com/dkhrunov/dsa-go/search/linear_search.go:3.56,4.26 1 10
github.com/dkhrunov/dsa-go/search/linear_search.go:10.2,10.11 1 5
github.com/dkhrunov/dsa-go/search/linear_search.go:4.26,5.16 1 24
github.com/dkhrunov/dsa-go/search/linear_search.go:5.16,7.4 1 5
github.com/dkhrunov/dsa-go/search/linear_search.go:13.69,14.15 1 3
github.com/dkhrunov/dsa-go/search/linear_search.go:18.2,18.27 1 0
github.com/dkhrunov/dsa-go/search/linear_search.go:22.2,22.45 1 0
github.com/dkhrunov/dsa-go/search/linear_search.go:14.15,16.3 1 3
github.com/dkhrunov/dsa-go/search/linear_search.go:18.27,20.3 1 0
github.com/dkhrunov/dsa-go/search/linear_search_move_to_front.go:3.67,6.17 2 2
github.com/dkhrunov/dsa-go/search/linear_search_move_to_front.go:13.2,13.11 1 1
github.com/dkhrunov/dsa-go/search/linear_search_move_to_front.go:6.17,7.17 1 1
github.com/dkhrunov/dsa-go/search/linear_search_move_to_front.go:10.3,10.15 1 1
github.com/dkhrunov/dsa-go/search/linear_search_move_to_front.go:7.17,9.4 1 1
github.com/dkhrunov/dsa-go/search/linear_search_transposition.go:3.69,6.17 2 5
github.com/dkhrunov/dsa-go/search/linear_search_transposition.go:13.2,13.11 1 1
github.com/dkhrunov/dsa-go/search/linear_search_transposition.go:6.17,7.17 1 4
github.com/dkhrunov/dsa-go/search/linear_search_transposition.go:10.3,10.15 1 4
github.com/dkhrunov/dsa-go/search/linear_search_transposition.go:7.17,9.4 1 2
